<?xml version="1.0" encoding="UTF-8"?>
<!-- Generated by org.testng.reporters.JUnitReportReporter -->
<testsuite hostname="ULTRABOOK" name="DriverScripts.NewTest" tests="1" failures="0" timestamp="21 Sep 2020 20:13:47 GMT" time="3.058" errors="0">
  <testcase name="f" time="3.058" classname="DriverScripts.NewTest"/>
</testsuite> <!-- DriverScripts.NewTest -->
