<?xml version="1.0" encoding="UTF-8"?>
<!-- Generated by org.testng.reporters.JUnitReportReporter -->
<testsuite hostname="ULTRABOOK" name="DriverScripts.SecondTest" tests="5" failures="0" timestamp="22 Sep 2020 05:30:17 GMT" time="162.618" errors="0">
  <testcase name="launchApp" time="1.380" classname="DriverScripts.SecondTest"/>
  <testcase name="takeTest" time="110.472" classname="DriverScripts.SecondTest"/>
  <testcase name="selectExamAndLanguage" time="11.454" classname="DriverScripts.SecondTest"/>
  <testcase name="login" time="15.207" classname="DriverScripts.SecondTest"/>
  <testcase name="dashboard" time="24.105" classname="DriverScripts.SecondTest"/>
</testsuite> <!-- DriverScripts.SecondTest -->
