<?xml version="1.0" encoding="UTF-8"?>
<!-- Generated by org.testng.reporters.JUnitReportReporter -->
<testsuite hostname="ULTRABOOK" name="DriverScripts.TestScript" tests="1" failures="0" timestamp="20 Sep 2020 20:35:07 GMT" time="20.023" errors="0">
  <testcase name="f" time="20.023" classname="DriverScripts.TestScript"/>
</testsuite> <!-- DriverScripts.TestScript -->
